<?xml version="1.0" encoding="UTF-8"?>
<definition xmlns="http://workflow.opencastproject.org">

  <id>test-incident</id>
  <title>Test: Provoke a job incident</title>
  <tags />
  <description>Provoke a job incident</description>

  <configuration_panel>
    <!-- todo create a panel to configure the incident code -->
  </configuration_panel>

  <operations>
    <operation
      id="incident"
      fail-on-error="true"
      exception-handler-workflow="error"
      description="Provoke a job incident">
      <configurations>
        <configuration key="incident-code">2</configuration>
      </configurations>
    </operation>
  </operations>
</definition>
